<?xml version="1.0" encoding="UTF-8"?>
<!-- Generated by org.testng.reporters.JUnitReportReporter -->
<testsuite skipped="0" hostname="MDLT064" name="TestBase.LaunchApplication" tests="1" failures="0" timestamp="18 Sep 2019 10:21:52 GMT" time="17.670" errors="0">
  <testcase name="method" time="17.670" classname="TestBase.LaunchApplication"/>
</testsuite> <!-- TestBase.LaunchApplication -->
